<?xml version="1.0" encoding="UTF-8"?>
<!-- Generated by org.testng.reporters.JUnitReportReporter -->
<testsuite hostname="Yuvi" name="packOne.exampleTest" tests="1" failures="0" timestamp="4 Aug 2016 05:19:26 GMT" time="0.016" errors="0">
  <testcase name="testMEthod" time="0.016" classname="packOne.exampleTest"/>
</testsuite> <!-- packOne.exampleTest -->
